 
****************************************
Report : timing
        -path full
        -delay max
        -max_paths 1
Design : tile
Version: T-2022.03-SP4
Date   : Wed Dec 10 11:30:07 2025
****************************************

 # A fanout number of 1000 was used for high fanout net computations.

Operating Conditions: PVT_0P9V_125C   Library: slow_vdd1v0
Wire Load Model Mode: top

  Startpoint: imem/data_o_reg[17]
              (rising edge-triggered flip-flop clocked by clk)
  Endpoint: CPU/PC_reg[28]
            (rising edge-triggered flip-flop clocked by clk)
  Path Group: clk
  Path Type: max

  Point                                                   Incr       Path
  --------------------------------------------------------------------------
  clock clk (rise edge)                                 0.0000     0.0000
  clock network delay (ideal)                           0.0000     0.0000
  imem/data_o_reg[17]/CK (DFFQXL)                       0.0000 #   0.0000 r
  imem/data_o_reg[17]/Q (DFFQXL)                        0.1871     0.1871 f
  imem/data_o[17] (memory_1)                            0.0000     0.1871 f
  CPU/Instruction[17] (processor)                       0.0000     0.1871 f
  CPU/id/instruction[17] (instruction_decoder)          0.0000     0.1871 f
  CPU/id/U42/Y (BUFX2)                                  0.0806     0.2677 f
  CPU/id/RT[1] (instruction_decoder)                    0.0000     0.2677 f
  CPU/RegFile/readReg2[1] (register_file)               0.0000     0.2677 f
  CPU/RegFile/U422/Y (INVX1)                            0.0301     0.2977 r
  CPU/RegFile/U49/Y (NOR2XL)                            0.0578     0.3555 f
  CPU/RegFile/U58/Y (AND2X1)                            0.0887     0.4442 f
  CPU/RegFile/U224/Y (BUFX2)                            0.1954     0.6395 f
  CPU/RegFile/U2169/Y (AOI22X1)                         0.1864     0.8260 r
  CPU/RegFile/U2168/Y (OAI221X1)                        0.1751     1.0011 f
  CPU/RegFile/U857/Y (NOR4X1)                           0.2021     1.2031 r
  CPU/RegFile/U856/Y (OAI22X1)                          0.1482     1.3514 f
  CPU/RegFile/Dataout2[1] (register_file)               0.0000     1.3514 f
  CPU/U9/Y (AO22XL)                                     0.1755     1.5268 f
  CPU/ALU/in_B[1] (alu_32)                              0.0000     1.5268 f
  CPU/ALU/U75/Y (INVX1)                                 0.0596     1.5864 r
  CPU/ALU/U257/Y (XNOR2X1)                              0.1684     1.7549 r
  CPU/ALU/r372/U1_1/CO (ADDFX1)                         0.1971     1.9520 r
  CPU/ALU/r372/U1_2/CO (ADDFX1)                         0.1850     2.1370 r
  CPU/ALU/r372/U1_3/CO (ADDFX1)                         0.1850     2.3221 r
  CPU/ALU/r372/U1_4/CO (ADDFX1)                         0.1850     2.5071 r
  CPU/ALU/r372/U1_5/CO (ADDFX1)                         0.1850     2.6922 r
  CPU/ALU/r372/U1_6/CO (ADDFX1)                         0.1850     2.8772 r
  CPU/ALU/r372/U1_7/CO (ADDFX1)                         0.1850     3.0622 r
  CPU/ALU/r372/U1_8/CO (ADDFX1)                         0.1850     3.2473 r
  CPU/ALU/r372/U1_9/CO (ADDFX1)                         0.1850     3.4323 r
  CPU/ALU/r372/U1_10/CO (ADDFX1)                        0.1850     3.6174 r
  CPU/ALU/r372/U1_11/CO (ADDFX1)                        0.1850     3.8024 r
  CPU/ALU/r372/U1_12/CO (ADDFX1)                        0.1850     3.9875 r
  CPU/ALU/r372/U1_13/CO (ADDFX1)                        0.1850     4.1725 r
  CPU/ALU/r372/U1_14/CO (ADDFX1)                        0.1850     4.3575 r
  CPU/ALU/r372/U1_15/CO (ADDFX1)                        0.1850     4.5426 r
  CPU/ALU/r372/U1_16/CO (ADDFX1)                        0.1850     4.7276 r
  CPU/ALU/r372/U1_17/CO (ADDFX1)                        0.1850     4.9127 r
  CPU/ALU/r372/U1_18/CO (ADDFX1)                        0.1850     5.0977 r
  CPU/ALU/r372/U1_19/CO (ADDFX1)                        0.1850     5.2827 r
  CPU/ALU/r372/U1_20/CO (ADDFX1)                        0.1850     5.4678 r
  CPU/ALU/r372/U1_21/CO (ADDFX1)                        0.1850     5.6528 r
  CPU/ALU/r372/U1_22/CO (ADDFX1)                        0.1850     5.8379 r
  CPU/ALU/r372/U1_23/CO (ADDFX1)                        0.1850     6.0229 r
  CPU/ALU/r372/U1_24/CO (ADDFX1)                        0.1850     6.2080 r
  CPU/ALU/r372/U1_25/CO (ADDFX1)                        0.1850     6.3930 r
  CPU/ALU/r372/U1_26/CO (ADDFX1)                        0.1850     6.5780 r
  CPU/ALU/r372/U1_27/CO (ADDFX1)                        0.1850     6.7631 r
  CPU/ALU/r372/U1_28/CO (ADDFX1)                        0.1850     6.9481 r
  CPU/ALU/r372/U1_29/CO (ADDFX1)                        0.1850     7.1332 r
  CPU/ALU/r372/U1_30/CO (ADDFX1)                        0.1850     7.3182 r
  CPU/ALU/r372/U1_31/S (ADDFX1)                         0.2712     7.5894 f
  CPU/ALU/U26/Y (AOI22X2)                               0.0737     7.6630 r
  CPU/ALU/U25/Y (OAI221X2)                              0.1573     7.8204 f
  CPU/ALU/U16/Y (BUFX3)                                 0.1230     7.9434 f
  CPU/ALU/U12/Y (NOR4X1)                                0.1111     8.0545 r
  CPU/ALU/U14/Y (NAND2XL)                               0.1038     8.1583 f
  CPU/ALU/U15/Y (NOR2XL)                                0.0803     8.2386 r
  CPU/ALU/out_Zero (alu_32)                             0.0000     8.2386 r
  CPU/U26/Y (NAND2X1)                                   0.0821     8.3207 f
  CPU/U146/Y (NOR3BX1)                                  0.0768     8.3974 r
  CPU/U3/Y (BUFX2)                                      0.1113     8.5088 r
  CPU/U21/Y (BUFX2)                                     0.0985     8.6072 r
  CPU/U125/Y (AO22X1)                                   0.1914     8.7986 r
  CPU/PC_reg[28]/D (DFFHQX1)                            0.0000     8.7986 r
  data arrival time                                                8.7986

  clock clk (rise edge)                                 8.9762     8.9762
  clock network delay (ideal)                           0.0000     8.9762
  clock uncertainty                                    -0.0500     8.9262
  CPU/PC_reg[28]/CK (DFFHQX1)                           0.0000     8.9262 r
  library setup time                                   -0.1191     8.8071
  data required time                                               8.8071
  --------------------------------------------------------------------------
  data required time                                               8.8071
  data arrival time                                               -8.7986
  --------------------------------------------------------------------------
  slack (MET)                                                      0.0085


1
