 
****************************************
Report : timing
        -path full
        -delay min
        -max_paths 1
Design : tile
Version: T-2022.03-SP4
Date   : Wed Dec 10 11:30:07 2025
****************************************

 # A fanout number of 1000 was used for high fanout net computations.

Operating Conditions: PVT_0P9V_125C   Library: slow_vdd1v0
Wire Load Model Mode: top

  Startpoint: rst_n (input port clocked by clk)
  Endpoint: valid_data_reg
            (rising edge-triggered flip-flop clocked by clk)
  Path Group: clk
  Path Type: min

  Point                                    Incr       Path
  -----------------------------------------------------------
  clock clk (rise edge)                  0.0000     0.0000
  clock network delay (ideal)            0.0000     0.0000
  input external delay                   0.1000     0.1000 f
  rst_n (in)                             0.0047     0.1047 f
  U98/Y (INVX1)                          0.0381     0.1428 r
  U95/Y (NOR2X1)                         0.0410     0.1837 f
  valid_data_reg/D (DFFHQX1)             0.0000     0.1837 f
  data arrival time                                 0.1837

  clock clk (rise edge)                  0.0000     0.0000
  clock network delay (ideal)            0.0000     0.0000
  clock uncertainty                      0.0500     0.0500
  valid_data_reg/CK (DFFHQX1)            0.0000     0.0500 r
  library hold time                      0.0072     0.0572
  data required time                                0.0572
  -----------------------------------------------------------
  data required time                                0.0572
  data arrival time                                -0.1837
  -----------------------------------------------------------
  slack (MET)                                       0.1266


1
