###############################################################
#  Generated by:      Cadence Innovus 20.10-p004_1
#  OS:                Linux x86_64(Host ID vlsicad.ecs.umass.edu)
#  Generated on:      Sat Apr 25 17:29:57 2026
#  Design:            tile
#  Command:           report_timing         > $RPT_DIR/timing.rpt
###############################################################
Path 1: MET Setup Check with Pin dmem/mem_reg[27][5]/CK 
Endpoint:   dmem/mem_reg[27][5]/D (^) checked with  leading edge of 'clk'
Beginpoint: imem/data_o_reg[19]/Q (v) triggered by  leading edge of 'clk'
Path Groups: {clk}
Analysis View: worst_1v0
Other End Arrival Time          0.000
- Setup                         0.187
+ Phase Shift                   8.976
- Uncertainty                   0.050
= Required Time                 8.739
- Arrival Time                  8.610
= Slack Time                    0.129
     Clock Rise Edge                 0.000
     + Clock Network Latency (Ideal) 0.000
     = Beginpoint Arrival Time       0.000
     +--------------------------------------------------------------------------------------+ 
     |           Instance           |     Arc      |   Cell    | Delay | Arrival | Required | 
     |                              |              |           |       |  Time   |   Time   | 
     |------------------------------+--------------+-----------+-------+---------+----------| 
     | imem/data_o_reg[19]          | CK ^         |           |       |   0.000 |    0.129 | 
     | imem/data_o_reg[19]          | CK ^ -> Q v  | DFFQXL    | 0.211 |   0.211 |    0.340 | 
     | CPU/FE_OFC82_n123            | A v -> Y v   | BUFX3     | 0.129 |   0.340 |    0.469 | 
     | CPU/RegFile/U3434            | AN v -> Y v  | NOR2BX1   | 0.123 |   0.464 |    0.593 | 
     | CPU/RegFile/U61              | A v -> Y v   | AND2X1    | 0.109 |   0.573 |    0.702 | 
     | CPU/RegFile/FE_OFC7636_n2186 | A v -> Y v   | BUFX4     | 0.139 |   0.712 |    0.840 | 
     | CPU/RegFile/U1392            | B0 v -> Y ^  | AOI22X2   | 0.120 |   0.831 |    0.960 | 
     | CPU/RegFile/U1391            | C0 ^ -> Y v  | OAI221X2  | 0.168 |   0.999 |    1.128 | 
     | CPU/RegFile/FE_OFC8681_n2749 | A v -> Y v   | CLKBUFX3  | 0.135 |   1.134 |    1.263 | 
     | CPU/RegFile/FE_RC_28_0       | AN v -> Y v  | NAND2BX1  | 0.118 |   1.252 |    1.380 | 
     | CPU/RegFile/FE_RC_26_0       | B v -> Y ^   | NOR2BX2   | 0.097 |   1.349 |    1.478 | 
     | CPU/RegFile/FE_RC_61_0       | A1 ^ -> Y v  | OAI22X1   | 0.128 |   1.477 |    1.606 | 
     | CPU/FE_OFC8456_U10_DATA2_0   | A v -> Y v   | BUFX2     | 0.163 |   1.640 |    1.768 | 
     | CPU/FE_RC_44_0               | B v -> Y ^   | NAND2X2   | 0.077 |   1.716 |    1.845 | 
     | CPU/FE_RC_43_0               | B ^ -> Y v   | NAND2X4   | 0.077 |   1.794 |    1.923 | 
     | CPU/ALU/U70                  | A v -> Y ^   | INVX2     | 0.066 |   1.860 |    1.988 | 
     | CPU/ALU/U268                 | A ^ -> Y ^   | XNOR2X1   | 0.180 |   2.039 |    2.168 | 
     | CPU/ALU/r372/U1_0            | B ^ -> CO ^  | ADDFX1    | 0.210 |   2.250 |    2.378 | 
     | CPU/ALU/r372/U1_1            | CI ^ -> CO ^ | ADDFX1    | 0.196 |   2.446 |    2.575 | 
     | CPU/ALU/r372/U1_2            | CI ^ -> CO ^ | ADDFX1    | 0.209 |   2.655 |    2.784 | 
     | CPU/ALU/FE_RC_160_0          | B ^ -> Y v   | NAND2BX1  | 0.098 |   2.753 |    2.882 | 
     | CPU/ALU/FE_RC_159_0          | B v -> Y ^   | NAND2X2   | 0.066 |   2.818 |    2.947 | 
     | CPU/ALU/FE_RC_221_0          | B ^ -> Y v   | NAND2BX1  | 0.083 |   2.902 |    3.031 | 
     | CPU/ALU/FE_RC_220_0          | B v -> Y ^   | NAND2X2   | 0.063 |   2.965 |    3.094 | 
     | CPU/ALU/FE_RC_192_0          | B ^ -> Y v   | NAND2BX1  | 0.080 |   3.045 |    3.173 | 
     | CPU/ALU/FE_RC_191_0          | B v -> Y ^   | NAND2X2   | 0.065 |   3.109 |    3.238 | 
     | CPU/ALU/FE_RC_208_0          | B ^ -> Y v   | NAND2BX1  | 0.085 |   3.194 |    3.323 | 
     | CPU/ALU/FE_RC_207_0          | B v -> Y ^   | NAND2X2   | 0.065 |   3.259 |    3.388 | 
     | CPU/ALU/FE_RC_274_0          | B ^ -> Y v   | NAND2BX1  | 0.095 |   3.354 |    3.483 | 
     | CPU/ALU/FE_RC_273_0          | B v -> Y ^   | NAND2X2   | 0.078 |   3.431 |    3.560 | 
     | CPU/ALU/FE_RC_31_0           | B ^ -> Y v   | NAND2BX2  | 0.080 |   3.512 |    3.641 | 
     | CPU/ALU/FE_RC_30_0           | B v -> Y ^   | NAND2X4   | 0.056 |   3.568 |    3.697 | 
     | CPU/ALU/r372/U1_9            | CI ^ -> CO ^ | ADDFX1    | 0.194 |   3.762 |    3.891 | 
     | CPU/ALU/FE_RC_330_0          | B ^ -> Y v   | NAND2BX1  | 0.090 |   3.852 |    3.981 | 
     | CPU/ALU/FE_RC_329_0          | B v -> Y ^   | NAND2X2   | 0.081 |   3.933 |    4.062 | 
     | CPU/ALU/FE_RC_343_0          | B ^ -> Y v   | NAND2BX2  | 0.091 |   4.024 |    4.153 | 
     | CPU/ALU/FE_RC_342_0          | B v -> Y ^   | NAND2X4   | 0.062 |   4.086 |    4.215 | 
     | CPU/ALU/FE_RC_317_0          | B ^ -> Y v   | NAND2BX2  | 0.086 |   4.173 |    4.302 | 
     | CPU/ALU/FE_RC_316_0          | B v -> Y ^   | NAND2X4   | 0.064 |   4.237 |    4.365 | 
     | CPU/ALU/FE_RC_90_0           | B ^ -> Y v   | NAND2BX2  | 0.072 |   4.309 |    4.438 | 
     | CPU/ALU/FE_RC_89_0           | B v -> Y ^   | NAND2X2   | 0.053 |   4.362 |    4.491 | 
     | CPU/ALU/r372/U1_14           | CI ^ -> CO ^ | ADDFX1    | 0.202 |   4.564 |    4.693 | 
     | CPU/ALU/FE_RC_147_0          | B ^ -> Y v   | NAND2BX2  | 0.089 |   4.652 |    4.781 | 
     | CPU/ALU/FE_RC_146_0          | B v -> Y ^   | NAND2X2   | 0.068 |   4.720 |    4.849 | 
     | CPU/ALU/FE_RC_47_0           | B ^ -> Y v   | NAND2BX2  | 0.085 |   4.805 |    4.934 | 
     | CPU/ALU/FE_RC_46_0           | B v -> Y ^   | NAND2X4   | 0.059 |   4.863 |    4.992 | 
     | CPU/ALU/FE_RC_105_0          | A ^ -> Y v   | NAND2X1   | 0.090 |   4.954 |    5.083 | 
     | CPU/ALU/FE_RC_104_0          | B v -> Y ^   | NAND2X2   | 0.069 |   5.023 |    5.152 | 
     | CPU/ALU/FE_RC_304_0          | B ^ -> Y v   | NAND2BX2  | 0.073 |   5.096 |    5.225 | 
     | CPU/ALU/FE_RC_303_0          | B v -> Y ^   | NAND2X2   | 0.063 |   5.160 |    5.289 | 
     | CPU/ALU/FE_RC_287_0          | B ^ -> Y v   | NAND2BX1  | 0.090 |   5.250 |    5.379 | 
     | CPU/ALU/FE_RC_286_0          | B v -> Y ^   | NAND2X2   | 0.068 |   5.318 |    5.447 | 
     | CPU/ALU/FE_RC_246_0          | B ^ -> Y v   | NAND2BX1  | 0.082 |   5.399 |    5.528 | 
     | CPU/ALU/FE_RC_245_0          | B v -> Y ^   | NAND2X2   | 0.060 |   5.459 |    5.588 | 
     | CPU/ALU/r372/U1_21           | CI ^ -> CO ^ | ADDFXL    | 0.178 |   5.637 |    5.766 | 
     | CPU/ALU/r372/U1_22           | CI ^ -> CO ^ | ADDFX1    | 0.213 |   5.850 |    5.979 | 
     | CPU/ALU/FE_RC_119_0          | B ^ -> Y v   | NAND2BX2  | 0.089 |   5.939 |    6.068 | 
     | CPU/ALU/FE_RC_118_0          | B v -> Y ^   | NAND2X2   | 0.064 |   6.003 |    6.132 | 
     | CPU/ALU/FE_RC_260_0          | B ^ -> Y v   | NAND2BX2  | 0.071 |   6.074 |    6.203 | 
     | CPU/ALU/FE_RC_259_0          | B v -> Y ^   | NAND2X1   | 0.065 |   6.140 |    6.268 | 
     | CPU/ALU/r372/U1_25           | CI ^ -> CO ^ | ADDFHX1   | 0.200 |   6.340 |    6.469 | 
     | CPU/ALU/FE_RC_133_0          | B ^ -> Y v   | NAND2BX2  | 0.085 |   6.425 |    6.554 | 
     | CPU/ALU/FE_RC_132_0          | B v -> Y ^   | NAND2X2   | 0.063 |   6.488 |    6.616 | 
     | CPU/ALU/FE_RC_76_0           | B ^ -> Y v   | NAND2BX2  | 0.085 |   6.573 |    6.702 | 
     | CPU/ALU/FE_RC_75_0           | B v -> Y ^   | NAND2X4   | 0.065 |   6.637 |    6.766 | 
     | CPU/ALU/FE_RC_233_0          | A ^ -> Y v   | NAND2X2   | 0.082 |   6.719 |    6.848 | 
     | CPU/ALU/FE_RC_232_0          | B v -> Y ^   | NAND2X2   | 0.057 |   6.776 |    6.905 | 
     | CPU/ALU/FE_RC_179_0          | B ^ -> Y v   | NAND2BX1  | 0.081 |   6.857 |    6.986 | 
     | CPU/ALU/FE_RC_178_0          | B v -> Y ^   | NAND2X2   | 0.064 |   6.921 |    7.050 | 
     | CPU/ALU/FE_RC_63_0           | B ^ -> Y v   | NAND2BX1  | 0.078 |   6.999 |    7.128 | 
     | CPU/ALU/FE_RC_62_0           | B v -> Y ^   | NAND2X2   | 0.070 |   7.069 |    7.198 | 
     | CPU/ALU/FE_RC_177_0          | B ^ -> Y v   | NAND2BX1  | 0.085 |   7.154 |    7.282 | 
     | CPU/ALU/FE_RC_301_0          | B0 v -> Y ^  | OAI21X2   | 0.060 |   7.214 |    7.342 | 
     | CPU/ALU/FE_RC_25_0           | B1 ^ -> Y v  | AOI22X2   | 0.102 |   7.316 |    7.445 | 
     | CPU/ALU/FE_RC_23_0           | B v -> Y ^   | NAND2BX4  | 0.084 |   7.400 |    7.529 | 
     | FE_OCPC8576_FE_OFN2642_n220  | A ^ -> Y v   | INVX3     | 0.091 |   7.491 |    7.620 | 
     | FE_OCPC8577_FE_OFN2642_n220  | A v -> Y ^   | INVX6     | 0.074 |   7.565 |    7.694 | 
     | FE_RC_302_0                  | A1 ^ -> Y v  | OAI21X4   | 0.087 |   7.652 |    7.781 | 
     | dmem/FE_OFC7627_n457         | A v -> Y ^   | INVX4     | 0.088 |   7.740 |    7.869 | 
     | dmem/FE_OFC8349_n457         | A ^ -> Y v   | INVX8     | 0.088 |   7.828 |    7.957 | 
     | dmem/FE_OFC8429_n            | A v -> Y v   | CLKBUFX20 | 0.172 |   8.000 |    8.128 | 
     | dmem/U844                    | B v -> Y ^   | NAND2X1   | 0.119 |   8.119 |    8.248 | 
     | dmem/FE_OFC8202_n2686        | A ^ -> Y ^   | BUFX2     | 0.137 |   8.256 |    8.385 | 
     | dmem/FE_OFC8203_n2686        | A ^ -> Y v   | INVX1     | 0.169 |   8.425 |    8.554 | 
     | dmem/U2587                   | B0 v -> Y ^  | OAI22XL   | 0.185 |   8.610 |    8.739 | 
     | dmem/mem_reg[27][5]          | D ^          | DFFQXL    | 0.000 |   8.610 |    8.739 | 
     +--------------------------------------------------------------------------------------+ 

